Performing C SOURCE FILE Test CMAKE_HAVE_LIBC_PTHREAD failed with the following output:
Change Dir: /home/dario/Documents/UTN/control_midi/cmake-build-debug/CMakeFiles/CMakeTmp

Run Build Command(s):ninja cmTC_58c60 && [1/2] Building C object CMakeFiles/cmTC_58c60.dir/src.c.o
[2/2] Linking C executable cmTC_58c60
FAILED: cmTC_58c60 
: && /usr/bin/gcc   CMakeFiles/cmTC_58c60.dir/src.c.o -o cmTC_58c60   && :
/usr/lib/gcc/x86_64-unknown-linux-gnu/11.3.0/../../../../x86_64-unknown-linux-gnu/bin/ld: CMakeFiles/cmTC_58c60.dir/src.c.o: in function `main':
src.c:(.text+0x3e): undefined reference to `pthread_create'
/usr/lib/gcc/x86_64-unknown-linux-gnu/11.3.0/../../../../x86_64-unknown-linux-gnu/bin/ld: src.c:(.text+0x4a): undefined reference to `pthread_detach'
/usr/lib/gcc/x86_64-unknown-linux-gnu/11.3.0/../../../../x86_64-unknown-linux-gnu/bin/ld: src.c:(.text+0x56): undefined reference to `pthread_cancel'
/usr/lib/gcc/x86_64-unknown-linux-gnu/11.3.0/../../../../x86_64-unknown-linux-gnu/bin/ld: src.c:(.text+0x67): undefined reference to `pthread_join'
collect2: error: ld returned 1 exit status
ninja: build stopped: subcommand failed.


Source file was:
#include <pthread.h>

static void* test_func(void* data)
{
  return data;
}

int main(void)
{
  pthread_t thread;
  pthread_create(&thread, NULL, test_func, NULL);
  pthread_detach(thread);
  pthread_cancel(thread);
  pthread_join(thread, NULL);
  pthread_atfork(NULL, NULL, NULL);
  pthread_exit(NULL);

  return 0;
}

